**********************
Windows PowerShell transcript start
Start time: 20240120104951
Username: LAB\administrator
RunAs User: LAB\administrator
Machine: LAB-GW (Microsoft Windows NT 10.0.14393.0)
Host Application: C:\Windows\System32\WindowsPowerShell\v1.0\powershell.exe -NoProfile -ExecutionPolicy Bypass -Command Import-Module 'c:\Users\administrator.LAB\.vscode\extensions\ms-vscode.powershell-2023.8.0\modules\PowerShellEditorServices\PowerShellEditorServices.psd1'; Start-EditorServices -HostName 'Visual Studio Code Host' -HostProfileId 'Microsoft.VSCode' -HostVersion '2023.8.0' -AdditionalModules @('PowerShellEditorServices.VSCode') -BundledModulesPath 'c:\Users\administrator.LAB\.vscode\extensions\ms-vscode.powershell-2023.8.0\modules' -EnableConsoleRepl -StartupBanner "PowerShell Extension v2023.8.0
Copyright (c) Microsoft Corporation.

https://aka.ms/vscode-powershell
Type 'help' to get help.
" -LogLevel 'Normal' -LogPath 'c:\Users\administrator.LAB\AppData\Roaming\Code\User\globalStorage\ms-vscode.powershell\logs\1703539630-f669eed0-5f6c-49b6-8ced-c1f43fd6986b1703539626183\EditorServices.log' -SessionDetailsPath 'c:\Users\administrator.LAB\AppData\Roaming\Code\User\globalStorage\ms-vscode.powershell\sessions\PSES-VSCode-1616-869927.json' -FeatureFlags @() 
Process ID: 5184
PSVersion: 5.1.14393.6343
PSEdition: Desktop
PSCompatibleVersions: 1.0, 2.0, 3.0, 4.0, 5.0, 5.1.14393.6343
BuildVersion: 10.0.14393.6343
CLRVersion: 4.0.30319.42000
WSManStackVersion: 3.0
PSRemotingProtocolVersion: 2.3
SerializationVersion: 1.1.0.1
**********************
